GROUP,PACKAGE,CLASS,INSTRUCTION_MISSED,INSTRUCTION_COVERED,BRANCH_MISSED,BRANCH_COVERED,LINE_MISSED,LINE_COVERED,COMPLEXITY_MISSED,COMPLEXITY_COVERED,METHOD_MISSED,METHOD_COVERED
SakilaApp,com.Sakila.api.SakilaApp,Film,80,33,0,0,34,12,23,1,23,1
SakilaApp,com.Sakila.api.SakilaApp,Language,17,6,0,0,7,3,5,1,5,1
SakilaApp,com.Sakila.api.SakilaApp,Category,17,6,0,0,7,3,5,1,5,1
SakilaApp,com.Sakila.api.SakilaApp,Actor,24,9,0,0,10,4,7,1,7,1
SakilaApp,com.Sakila.api.SakilaApp,SakilaAppApplication,214,31,0,0,52,10,22,5,22,5
